2024-07-05 14:46:17 [WARNING  | werkzeug]  :  * Debugger is active!
2024-07-05 14:46:17 [INFO     | werkzeug]  :  * Debugger PIN: 105-430-916
2024-07-05 14:46:18 [INFO     | sqlalchemy.engine.Engine]  : select pg_catalog.version()
2024-07-05 14:46:18 [INFO     | sqlalchemy.engine.Engine]  : [raw sql] {}
2024-07-05 14:46:18 [INFO     | sqlalchemy.engine.Engine]  : select current_schema()
2024-07-05 14:46:18 [INFO     | sqlalchemy.engine.Engine]  : [raw sql] {}
2024-07-05 14:46:18 [INFO     | sqlalchemy.engine.Engine]  : show standard_conforming_strings
2024-07-05 14:46:18 [INFO     | sqlalchemy.engine.Engine]  : [raw sql] {}
2024-07-05 14:46:18 [INFO     | sqlalchemy.engine.Engine]  : BEGIN (implicit)
2024-07-05 14:46:18 [INFO     | sqlalchemy.engine.Engine]  : SELECT providers.id, providers.token, providers.name, providers.description, providers.registered_at, providers.last_channel, providers.spots, providers.max_spots 
FROM providers 
WHERE providers.token = %(token_1)s
2024-07-05 14:46:18 [INFO     | sqlalchemy.engine.Engine]  : [generated in 0.00062s] {'token_1': '9fMEXHqVwPs9wXQcsEeWcpsCwaKFjVicC2nosqdtsyAxPdun6L'}
2024-07-05 14:46:18 [INFO     | sqlalchemy.engine.Engine]  : select pg_catalog.version()
2024-07-05 14:46:18 [INFO     | sqlalchemy.engine.Engine]  : [raw sql] {}
2024-07-05 14:46:18 [INFO     | sqlalchemy.engine.Engine]  : select current_schema()
2024-07-05 14:46:18 [INFO     | sqlalchemy.engine.Engine]  : [raw sql] {}
2024-07-05 14:46:18 [INFO     | sqlalchemy.engine.Engine]  : show standard_conforming_strings
2024-07-05 14:46:18 [INFO     | sqlalchemy.engine.Engine]  : [raw sql] {}
2024-07-05 14:46:18 [INFO     | sqlalchemy.engine.Engine]  : BEGIN (implicit)
2024-07-05 14:46:18 [INFO     | sqlalchemy.engine.Engine]  : SELECT providers.id, providers.token, providers.name, providers.description, providers.registered_at, providers.last_channel, providers.spots, providers.max_spots 
FROM providers 
WHERE providers.token = %(token_1)s
2024-07-05 14:46:18 [INFO     | sqlalchemy.engine.Engine]  : [generated in 0.00017s] {'token_1': '9fMEXHqVwPs9wXQcsEeWcpsCwaKFjVicC2nosqdtsyAxPdun6L'}
2024-07-05 14:46:18 [INFO     | sqlalchemy.engine.Engine]  : COMMIT
2024-07-05 14:46:18 [INFO     | api.providers]  : Provider updated successfully!
2024-07-05 14:46:18 [INFO     | werkzeug]  : 127.0.0.1 - - [05/Jul/2024 14:46:18] "PUT /providers/update HTTP/1.1" 200 -
2024-07-05 14:46:38 [INFO     | sqlalchemy.engine.Engine]  : SELECT providers.id, providers.token, providers.name, providers.description, providers.registered_at, providers.last_channel, providers.spots, providers.max_spots 
FROM providers 
WHERE providers.token = %(token_1)s
2024-07-05 14:46:38 [INFO     | sqlalchemy.engine.Engine]  : [cached since 20.28s ago] {'token_1': '9fMEXHqVwPs9wXQcsEeWcpsCwaKFjVicC2nosqdtsyAxPdun6L'}
2024-07-05 14:46:38 [INFO     | sqlalchemy.engine.Engine]  : select pg_catalog.version()
2024-07-05 14:46:38 [INFO     | sqlalchemy.engine.Engine]  : [raw sql] {}
2024-07-05 14:46:38 [INFO     | sqlalchemy.engine.Engine]  : select current_schema()
2024-07-05 14:46:38 [INFO     | sqlalchemy.engine.Engine]  : [raw sql] {}
2024-07-05 14:46:38 [INFO     | sqlalchemy.engine.Engine]  : show standard_conforming_strings
2024-07-05 14:46:38 [INFO     | sqlalchemy.engine.Engine]  : [raw sql] {}
2024-07-05 14:46:38 [INFO     | sqlalchemy.engine.Engine]  : BEGIN (implicit)
2024-07-05 14:46:38 [INFO     | sqlalchemy.engine.Engine]  : SELECT providers.id, providers.token, providers.name, providers.description, providers.registered_at, providers.last_channel, providers.spots, providers.max_spots 
FROM providers 
WHERE providers.token = %(token_1)s
2024-07-05 14:46:38 [INFO     | sqlalchemy.engine.Engine]  : [generated in 0.00038s] {'token_1': '9fMEXHqVwPs9wXQcsEeWcpsCwaKFjVicC2nosqdtsyAxPdun6L'}
2024-07-05 14:46:39 [INFO     | sqlalchemy.engine.Engine]  : UPDATE providers SET name=%(name)s WHERE providers.id = %(providers_id)s::UUID
2024-07-05 14:46:39 [INFO     | sqlalchemy.engine.Engine]  : [generated in 0.00060s] {'name': 'Updated name', 'providers_id': UUID('31b16dc1-f996-4252-b7f7-1f6ad3eed155')}
2024-07-05 14:46:39 [INFO     | sqlalchemy.engine.Engine]  : COMMIT
2024-07-05 14:46:39 [INFO     | api.providers]  : Provider updated successfully!
2024-07-05 14:46:39 [INFO     | werkzeug]  : 127.0.0.1 - - [05/Jul/2024 14:46:39] "PUT /providers/update HTTP/1.1" 200 -
2024-07-05 14:46:57 [INFO     | sqlalchemy.engine.Engine]  : SELECT providers.id, providers.token, providers.name, providers.description, providers.registered_at, providers.last_channel, providers.spots, providers.max_spots 
FROM providers 
WHERE providers.token = %(token_1)s
2024-07-05 14:46:57 [INFO     | sqlalchemy.engine.Engine]  : [cached since 38.56s ago] {'token_1': '9fMEXHqVwPs9wXQcsEeWcpsCwaKFjVicC2nosqdtsyAxPdun6L'}
2024-07-05 14:46:57 [INFO     | sqlalchemy.engine.Engine]  : select pg_catalog.version()
2024-07-05 14:46:57 [INFO     | sqlalchemy.engine.Engine]  : [raw sql] {}
2024-07-05 14:46:57 [INFO     | sqlalchemy.engine.Engine]  : select current_schema()
2024-07-05 14:46:57 [INFO     | sqlalchemy.engine.Engine]  : [raw sql] {}
2024-07-05 14:46:57 [INFO     | sqlalchemy.engine.Engine]  : show standard_conforming_strings
2024-07-05 14:46:57 [INFO     | sqlalchemy.engine.Engine]  : [raw sql] {}
2024-07-05 14:46:57 [INFO     | sqlalchemy.engine.Engine]  : BEGIN (implicit)
2024-07-05 14:46:57 [INFO     | sqlalchemy.engine.Engine]  : SELECT providers.id, providers.token, providers.name, providers.description, providers.registered_at, providers.last_channel, providers.spots, providers.max_spots 
FROM providers 
WHERE providers.token = %(token_1)s
2024-07-05 14:46:57 [INFO     | sqlalchemy.engine.Engine]  : [generated in 0.00020s] {'token_1': '9fMEXHqVwPs9wXQcsEeWcpsCwaKFjVicC2nosqdtsyAxPdun6L'}
2024-07-05 14:46:57 [INFO     | sqlalchemy.engine.Engine]  : UPDATE providers SET description=%(description)s WHERE providers.id = %(providers_id)s::UUID
2024-07-05 14:46:57 [INFO     | sqlalchemy.engine.Engine]  : [generated in 0.00028s] {'description': 'Updated description', 'providers_id': UUID('31b16dc1-f996-4252-b7f7-1f6ad3eed155')}
2024-07-05 14:46:57 [INFO     | sqlalchemy.engine.Engine]  : COMMIT
2024-07-05 14:46:57 [INFO     | api.providers]  : Provider updated successfully!
2024-07-05 14:46:57 [INFO     | werkzeug]  : 127.0.0.1 - - [05/Jul/2024 14:46:57] "PUT /providers/update HTTP/1.1" 200 -
2024-07-05 15:02:36 [INFO     | werkzeug]  : 127.0.0.1 - - [05/Jul/2024 15:02:36] "[36mGET /spots/9c309227-1d80-4e1b-b1dd-bf569cbb2b8d?__debugger__=yes&cmd=resource&f=console.png HTTP/1.1[0m" 304 -
